#
# There is insufficient memory for the Java Runtime Environment to continue.
# Native memory allocation (malloc) failed to allocate 1048576 bytes for AllocateHeap
# Possible reasons:
#   The system is out of physical RAM or swap space
#   In 32 bit mode, the process size limit was hit
# Possible solutions:
#   Reduce memory load on the system
#   Increase physical memory or swap space
#   Check if swap backing store is full
#   Use 64 bit Java on a 64 bit OS
#   Decrease Java heap size (-Xmx/-Xms)
#   Decrease number of Java threads
#   Decrease Java thread stack sizes (-Xss)
#   Set larger code cache with -XX:ReservedCodeCacheSize=
# This output file may be truncated or incomplete.
#
#  Out of Memory Error (memory/allocation.inline.hpp:61), pid=15316, tid=0x00000000000036a0
#
# JRE version:  (8.0_191-b12) (build )
# Java VM: Java HotSpot(TM) 64-Bit Server VM (25.191-b12 mixed mode windows-amd64 compressed oops)
# Failed to write core dump. Minidumps are not enabled by default on client versions of Windows
#

---------------  T H R E A D  ---------------

Current thread (0x0000000000dce800):  JavaThread "Unknown thread" [_thread_in_vm, id=13984, stack(0x0000000002e50000,0x0000000002f50000)]

Stack: [0x0000000002e50000,0x0000000002f50000]
[error occurred during error reporting (printing stack bounds), id 0xc0000005]

Native frames: (J=compiled Java code, j=interpreted, Vv=VM code, C=native code)


---------------  P R O C E S S  ---------------

Java Threads: ( => current thread )

Other Threads:

=>0x0000000000dce800 (exited) JavaThread "Unknown thread" [_thread_in_vm, id=13984, stack(0x0000000002e50000,0x0000000002f50000)]

VM state:not at safepoint (normal execution)

VM Mutex/Monitor currently owned by a thread: None

Heap:
 PSYoungGen      total 18944K, used 327K [0x00000000feb00000, 0x0000000100000000, 0x0000000100000000)
  eden space 16384K, 2% used [0x00000000feb00000,0x00000000feb51ec8,0x00000000ffb00000)
  from space 2560K, 0% used [0x00000000ffd80000,0x00000000ffd80000,0x0000000100000000)
  to   space 2560K, 0% used [0x00000000ffb00000,0x00000000ffb00000,0x00000000ffd80000)
 ParOldGen       total 44032K, used 0K [0x00000000fc000000, 0x00000000feb00000, 0x00000000feb00000)
  object space 44032K, 0% used [0x00000000fc000000,0x00000000fc000000,0x00000000feb00000)
 Metaspace       used 775K, capacity 4480K, committed 4480K, reserved 1056768K
  class space    used 76K, capacity 384K, committed 384K, reserved 1048576K

Card table byte_map: [0x00000000014e0000,0x0000000001510000] byte_map_base: 0x0000000000d00000

Marking Bits: (ParMarkBitMap*) 0x000000006ef83e30
 Begin Bits: [0x0000000012610000, 0x0000000012710000)
 End Bits:   [0x0000000012710000, 0x0000000012810000)

Polling page: 0x0000000000db0000

CodeCache: size=245760Kb used=327Kb max_used=327Kb free=245432Kb
 bounds [0x0000000003050000, 0x00000000032c0000, 0x0000000012050000]
 total_blobs=57 nmethods=0 adapters=38
 compilation: enabled

Compilation events (0 events):
No events

GC Heap History (0 events):
No events

Deoptimization events (0 events):
No events

Classes redefined (0 events):
No events

Internal exceptions (0 events):
No events

Events (10 events):
Event: 0.031 loading class java/lang/Short
Event: 0.031 loading class java/lang/Short done
Event: 0.031 loading class java/lang/Integer
Event: 0.031 loading class java/lang/Integer done
Event: 0.031 loading class java/lang/Long
Event: 0.032 loading class java/lang/Long done
Event: 0.032 loading class java/lang/NullPointerException
Event: 0.032 loading class java/lang/NullPointerException done
Event: 0.032 loading class java/lang/ArithmeticException
Event: 0.033 loading class java/lang/ArithmeticException done


Dynamic libraries:
0x00007ff7c7210000 - 0x00007ff7c7247000 	D:\Program Files\Java\jdk1.8.0_191\bin\java.exe
0x00007ffee6710000 - 0x00007ffee68fd000 	C:\Windows\SYSTEM32\ntdll.dll
0x00007ffee64e0000 - 0x00007ffee6593000 	C:\Windows\System32\KERNEL32.DLL
0x00007ffee30e0000 - 0x00007ffee3373000 	C:\Windows\System32\KERNELBASE.dll
0x00007ffee5650000 - 0x00007ffee56f3000 	C:\Windows\System32\ADVAPI32.dll
0x00007ffee5810000 - 0x00007ffee58ae000 	C:\Windows\System32\msvcrt.dll
0x00007ffee5700000 - 0x00007ffee579e000 	C:\Windows\System32\sechost.dll
0x00007ffee5470000 - 0x00007ffee5592000 	C:\Windows\System32\RPCRT4.dll
0x00007ffee39a0000 - 0x00007ffee3b37000 	C:\Windows\System32\USER32.dll
0x00007ffee3730000 - 0x00007ffee3750000 	C:\Windows\System32\win32u.dll
0x00007ffee6030000 - 0x00007ffee6059000 	C:\Windows\System32\GDI32.dll
0x00007ffee37a0000 - 0x00007ffee393a000 	C:\Windows\System32\gdi32full.dll
0x00007ffee3690000 - 0x00007ffee3730000 	C:\Windows\System32\msvcp_win.dll
0x00007ffee2fe0000 - 0x00007ffee30dc000 	C:\Windows\System32\ucrtbase.dll
0x00007ffed30a0000 - 0x00007ffed3319000 	C:\Windows\WinSxS\amd64_microsoft.windows.common-controls_6595b64144ccf1df_6.0.17763.316_none_05b53be2071f46b6\COMCTL32.dll
0x00007ffee5bf0000 - 0x00007ffee5f1d000 	C:\Windows\System32\combase.dll
0x00007ffee3430000 - 0x00007ffee34ae000 	C:\Windows\System32\bcryptPrimitives.dll
0x00007ffee50b0000 - 0x00007ffee50de000 	C:\Windows\System32\IMM32.DLL
0x000000006f010000 - 0x000000006f0e2000 	D:\Program Files\Java\jdk1.8.0_191\jre\bin\msvcr100.dll
0x000000006e760000 - 0x000000006f004000 	D:\Program Files\Java\jdk1.8.0_191\jre\bin\server\jvm.dll
0x00007ffee66d0000 - 0x00007ffee66d8000 	C:\Windows\System32\PSAPI.DLL
0x00007ffed2780000 - 0x00007ffed278a000 	C:\Windows\SYSTEM32\VERSION.dll
0x00007ffee08e0000 - 0x00007ffee0904000 	C:\Windows\SYSTEM32\WINMM.dll
0x00007ffee08b0000 - 0x00007ffee08dd000 	C:\Windows\SYSTEM32\WINMMBASE.dll
0x00007ffee3380000 - 0x00007ffee33ca000 	C:\Windows\System32\cfgmgr32.dll
0x00007ffedf100000 - 0x00007ffedf109000 	C:\Windows\SYSTEM32\WSOCK32.dll
0x00007ffee57a0000 - 0x00007ffee580d000 	C:\Windows\System32\ws2_32.DLL
0x0000000070df0000 - 0x0000000070dff000 	D:\Program Files\Java\jdk1.8.0_191\jre\bin\verify.dll
0x0000000070c30000 - 0x0000000070c59000 	D:\Program Files\Java\jdk1.8.0_191\jre\bin\java.dll
0x0000000070c10000 - 0x0000000070c26000 	D:\Program Files\Java\jdk1.8.0_191\jre\bin\zip.dll

VM Arguments:
jvm_args: -Xmx64M -Dfile.encoding=UTF8 
java_command: D:\Program Files\Unity\Editor\Data\PlaybackEngines\AndroidPlayer/Tools\sdktools.jar -
java_class_path (initial): D:\Program Files\Unity\Editor\Data\PlaybackEngines\AndroidPlayer/Tools\sdktools.jar
Launcher Type: SUN_STANDARD

Environment Variables:
JAVA_HOME=D:\Program Files\Java\jdk1.8.0_191
PATH=D:\Anaconda3;D:\Anaconda3\Library\mingw-w64\bin;D:\Anaconda3\Library\usr\bin;D:\Anaconda3\Library\bin;D:\Anaconda3\Scripts;D:\python36\Scripts\;D:\python36\;C:\Program Files (x86)\Common Files\Oracle\Java\javapath;C:\Windows\system32;C:\Windows;C:\Windows\System32\Wbem;C:\Windows\System32\WindowsPowerShell\v1.0\;C:\Windows\System32\OpenSSH\;C:\Program Files\nodejs\;D:\Program Files\Git\cmd;D:\Program Files (x86)\GtkSharp\2.12\bin;D:\Android\flutter\bin;D:\Android\SDK;C:\Users\TLSWM\AppData\Local\Microsoft\WindowsApps;C:\Users\TLSWM\AppData\Roaming\npm;C:\Users\TLSWM\AppData\Local\GitHubDesktop\bin;D:\Android\flutter\bin;D:\Android\SDK;
USERNAME=TLSWM
OS=Windows_NT
PROCESSOR_IDENTIFIER=Intel64 Family 6 Model 69 Stepping 1, GenuineIntel



---------------  S Y S T E M  ---------------

OS: Windows 10.0 , 64 bit Build 17763 (10.0.17763.292)

CPU:total 2 (initial active 2) (2 cores per cpu, 1 threads per core) family 6 model 69 stepping 1, cmov, cx8, fxsr, mmx, sse, sse2, sse3, ssse3, sse4.1, sse4.2, popcnt, clmul, erms, lzcnt, tsc, tscinvbit

Memory: 4k page, physical 8290332k(1722920k free), swap 11745224k(5388k free)

vm_info: Java HotSpot(TM) 64-Bit Server VM (25.191-b12) for windows-amd64 JRE (1.8.0_191-b12), built on Oct  6 2018 09:29:03 by "java_re" with MS VC++ 10.0 (VS2010)

time: Sat Mar 09 17:50:37 2019
elapsed time: 0 seconds (0d 0h 0m 0s)

